# JRE version: Java(TM) SE Runtime Environment (17.0.9+11) (build 17.0.9+11-LTS-201)
# Java VM: Java HotSpot(TM) 64-Bit Server VM (17.0.9+11-LTS-201, mixed mode, emulated-client, sharing, tiered, compressed oops, compressed class ptrs, g1 gc, windows-amd64)
GC Precious Log:
 CPUs: 8 total, 8 available
 Memory: 16254M
 Large Page Support: Disabled
 NUMA Support: Disabled
 Compressed Oops: Enabled (Zero based)
 Heap Region Size: 2M
 Heap Min Capacity: 8M
 Heap Initial Capacity: 254M
 Heap Max Capacity: 4064M
 Pre-touch: Disabled
 Parallel Workers: 8
 Concurrent Workers: 2
 Concurrent Refinement Workers: 8
 Periodic GC: Disabled
Heap:
 garbage-first heap   total 90112K, used 40076K [0x0000000702000000, 0x0000000800000000)
  region size 2048K, 4 young (8192K), 3 survivors (6144K)
 Metaspace       used 66779K, committed 67264K, reserved 1114112K
  class space    used 9648K, committed 9856K, reserved 1048576K
GC Heap History (20 events):
Event: 9.034 GC heap before
{Heap before GC invocations=9 (full 0):
 garbage-first heap   total 161792K, used 23988K [0x0000000702000000, 0x0000000800000000)
  region size 2048K, 6 young (12288K), 4 survivors (8192K)
 Metaspace       used 35812K, committed 36160K, reserved 1114112K
  class space    used 5095K, committed 5248K, reserved 1048576K
}
Event: 9.045 GC heap after
{Heap after GC invocations=10 (full 0):
 garbage-first heap   total 161792K, used 22201K [0x0000000702000000, 0x0000000800000000)
  region size 2048K, 3 young (6144K), 3 survivors (6144K)
 Metaspace       used 35812K, committed 36160K, reserved 1114112K
  class space    used 5095K, committed 5248K, reserved 1048576K
}
Event: 10.496 GC heap before
{Heap before GC invocations=11 (full 0):
 garbage-first heap   total 90112K, used 69305K [0x0000000702000000, 0x0000000800000000)
  region size 2048K, 26 young (53248K), 3 survivors (6144K)
 Metaspace       used 42358K, committed 42816K, reserved 1114112K
  class space    used 6157K, committed 6400K, reserved 1048576K
}
Event: 10.503 GC heap after
{Heap after GC invocations=12 (full 0):
 garbage-first heap   total 90112K, used 24632K [0x0000000702000000, 0x0000000800000000)
  region size 2048K, 2 young (4096K), 2 survivors (4096K)
 Metaspace       used 42358K, committed 42816K, reserved 1114112K
  class space    used 6157K, committed 6400K, reserved 1048576K
}
Event: 10.588 GC heap before
{Heap before GC invocations=12 (full 0):
 garbage-first heap   total 90112K, used 26680K [0x0000000702000000, 0x0000000800000000)
  region size 2048K, 3 young (6144K), 2 survivors (4096K)
 Metaspace       used 42974K, committed 43328K, reserved 1114112K
  class space    used 6247K, committed 6400K, reserved 1048576K
}
Event: 10.591 GC heap after
{Heap after GC invocations=13 (full 0):
 garbage-first heap   total 90112K, used 25148K [0x0000000702000000, 0x0000000800000000)
  region size 2048K, 1 young (2048K), 1 survivors (2048K)
 Metaspace       used 42974K, committed 43328K, reserved 1114112K
  class space    used 6247K, committed 6400K, reserved 1048576K
}
Event: 12.607 GC heap before
{Heap before GC invocations=13 (full 0):
 garbage-first heap   total 90112K, used 68156K [0x0000000702000000, 0x0000000800000000)
  region size 2048K, 22 young (45056K), 1 survivors (2048K)
 Metaspace       used 51501K, committed 51904K, reserved 1114112K
  class space    used 7501K, committed 7680K, reserved 1048576K
}
Event: 12.611 GC heap after
{Heap after GC invocations=14 (full 0):
 garbage-first heap   total 90112K, used 27089K [0x0000000702000000, 0x0000000800000000)
  region size 2048K, 2 young (4096K), 2 survivors (4096K)
 Metaspace       used 51501K, committed 51904K, reserved 1114112K
  class space    used 7501K, committed 7680K, reserved 1048576K
}
Event: 13.511 GC heap before
{Heap before GC invocations=14 (full 0):
 garbage-first heap   total 90112K, used 68049K [0x0000000702000000, 0x0000000800000000)
  region size 2048K, 22 young (45056K), 2 survivors (4096K)
 Metaspace       used 54748K, committed 55168K, reserved 1114112K
  class space    used 7948K, committed 8128K, reserved 1048576K
}
Event: 13.516 GC heap after
{Heap after GC invocations=15 (full 0):
 garbage-first heap   total 90112K, used 29693K [0x0000000702000000, 0x0000000800000000)
  region size 2048K, 3 young (6144K), 3 survivors (6144K)
 Metaspace       used 54748K, committed 55168K, reserved 1114112K
  class space    used 7948K, committed 8128K, reserved 1048576K
}
Event: 14.157 GC heap before
{Heap before GC invocations=15 (full 0):
 garbage-first heap   total 90112K, used 70653K [0x0000000702000000, 0x0000000800000000)
  region size 2048K, 23 young (47104K), 3 survivors (6144K)
 Metaspace       used 56412K, committed 56896K, reserved 1114112K
  class space    used 8179K, committed 8384K, reserved 1048576K
}
Event: 14.163 GC heap after
{Heap after GC invocations=16 (full 0):
 garbage-first heap   total 90112K, used 31987K [0x0000000702000000, 0x0000000800000000)
  region size 2048K, 3 young (6144K), 3 survivors (6144K)
 Metaspace       used 56412K, committed 56896K, reserved 1114112K
  class space    used 8179K, committed 8384K, reserved 1048576K
}
Event: 14.710 GC heap before
{Heap before GC invocations=16 (full 0):
 garbage-first heap   total 90112K, used 68851K [0x0000000702000000, 0x0000000800000000)
  region size 2048K, 21 young (43008K), 3 survivors (6144K)
 Metaspace       used 57638K, committed 58048K, reserved 1114112K
  class space    used 8367K, committed 8576K, reserved 1048576K
}
Event: 14.716 GC heap after
{Heap after GC invocations=17 (full 0):
 garbage-first heap   total 90112K, used 34114K [0x0000000702000000, 0x0000000800000000)
  region size 2048K, 3 young (6144K), 3 survivors (6144K)
 Metaspace       used 57638K, committed 58048K, reserved 1114112K
  class space    used 8367K, committed 8576K, reserved 1048576K
}
Event: 20.133 GC heap before
{Heap before GC invocations=17 (full 0):
 garbage-first heap   total 90112K, used 66882K [0x0000000702000000, 0x0000000800000000)
  region size 2048K, 20 young (40960K), 3 survivors (6144K)
 Metaspace       used 58479K, committed 58944K, reserved 1114112K
  class space    used 8496K, committed 8704K, reserved 1048576K
}
Event: 20.138 GC heap after
{Heap after GC invocations=18 (full 0):
 garbage-first heap   total 90112K, used 35719K [0x0000000702000000, 0x0000000800000000)
  region size 2048K, 2 young (4096K), 2 survivors (4096K)
 Metaspace       used 58479K, committed 58944K, reserved 1114112K
  class space    used 8496K, committed 8704K, reserved 1048576K
}
Event: 20.506 GC heap before
{Heap before GC invocations=18 (full 0):
 garbage-first heap   total 90112K, used 50055K [0x0000000702000000, 0x0000000800000000)
  region size 2048K, 10 young (20480K), 2 survivors (4096K)
 Metaspace       used 59973K, committed 60416K, reserved 1114112K
  class space    used 8725K, committed 8960K, reserved 1048576K
}
Event: 20.512 GC heap after
{Heap after GC invocations=19 (full 0):
 garbage-first heap   total 90112K, used 37440K [0x0000000702000000, 0x0000000800000000)
  region size 2048K, 2 young (4096K), 2 survivors (4096K)
 Metaspace       used 59973K, committed 60416K, reserved 1114112K
  class space    used 8725K, committed 8960K, reserved 1048576K
}
Event: 190.691 GC heap before
{Heap before GC invocations=20 (full 0):
 garbage-first heap   total 90112K, used 70208K [0x0000000702000000, 0x0000000800000000)
  region size 2048K, 18 young (36864K), 2 survivors (4096K)
 Metaspace       used 66687K, committed 67136K, reserved 1114112K
  class space    used 9635K, committed 9856K, reserved 1048576K
}
Event: 190.699 GC heap after
{Heap after GC invocations=21 (full 0):
 garbage-first heap   total 90112K, used 40076K [0x0000000702000000, 0x0000000800000000)
  region size 2048K, 3 young (6144K), 3 survivors (6144K)
 Metaspace       used 66687K, committed 67136K, reserved 1114112K
  class space    used 9635K, committed 9856K, reserved 1048576K
}

