# JRE version: Java(TM) SE Runtime Environment (17.0.9+11) (build 17.0.9+11-LTS-201)
# Java VM: Java HotSpot(TM) 64-Bit Server VM (17.0.9+11-LTS-201, mixed mode, emulated-client, sharing, tiered, compressed oops, compressed class ptrs, g1 gc, windows-amd64)
GC Precious Log:
 CPUs: 8 total, 8 available
 Memory: 16254M
 Large Page Support: Disabled
 NUMA Support: Disabled
 Compressed Oops: Enabled (Zero based)
 Heap Region Size: 2M
 Heap Min Capacity: 8M
 Heap Initial Capacity: 254M
 Heap Max Capacity: 4064M
 Pre-touch: Disabled
 Parallel Workers: 8
 Concurrent Workers: 2
 Concurrent Refinement Workers: 8
 Periodic GC: Disabled
Heap:
 garbage-first heap   total 90112K, used 46841K [0x0000000702000000, 0x0000000800000000)
  region size 2048K, 16 young (32768K), 3 survivors (6144K)
 Metaspace       used 37564K, committed 37952K, reserved 1114112K
  class space    used 5358K, committed 5504K, reserved 1048576K
GC Heap History (18 events):
Event: 1.269 GC heap before
{Heap before GC invocations=0 (full 0):
 garbage-first heap   total 260096K, used 20480K [0x0000000702000000, 0x0000000800000000)
  region size 2048K, 11 young (22528K), 0 survivors (0K)
 Metaspace       used 6058K, committed 6272K, reserved 1114112K
  class space    used 748K, committed 832K, reserved 1048576K
}
Event: 1.279 GC heap after
{Heap after GC invocations=1 (full 0):
 garbage-first heap   total 260096K, used 9474K [0x0000000702000000, 0x0000000800000000)
  region size 2048K, 2 young (4096K), 2 survivors (4096K)
 Metaspace       used 6058K, committed 6272K, reserved 1114112K
  class space    used 748K, committed 832K, reserved 1048576K
}
Event: 1.813 GC heap before
{Heap before GC invocations=1 (full 0):
 garbage-first heap   total 260096K, used 23810K [0x0000000702000000, 0x0000000800000000)
  region size 2048K, 9 young (18432K), 2 survivors (4096K)
 Metaspace       used 9368K, committed 9536K, reserved 1114112K
  class space    used 1221K, committed 1280K, reserved 1048576K
}
Event: 1.819 GC heap after
{Heap after GC invocations=2 (full 0):
 garbage-first heap   total 260096K, used 10652K [0x0000000702000000, 0x0000000800000000)
  region size 2048K, 1 young (2048K), 1 survivors (2048K)
 Metaspace       used 9368K, committed 9536K, reserved 1114112K
  class space    used 1221K, committed 1280K, reserved 1048576K
}
Event: 4.905 GC heap before
{Heap before GC invocations=2 (full 0):
 garbage-first heap   total 260096K, used 59804K [0x0000000702000000, 0x0000000800000000)
  region size 2048K, 26 young (53248K), 1 survivors (2048K)
 Metaspace       used 19243K, committed 19584K, reserved 1114112K
  class space    used 2654K, committed 2816K, reserved 1048576K
}
Event: 4.911 GC heap after
{Heap after GC invocations=3 (full 0):
 garbage-first heap   total 260096K, used 13773K [0x0000000702000000, 0x0000000800000000)
  region size 2048K, 3 young (6144K), 3 survivors (6144K)
 Metaspace       used 19243K, committed 19584K, reserved 1114112K
  class space    used 2654K, committed 2816K, reserved 1048576K
}
Event: 5.022 GC heap before
{Heap before GC invocations=3 (full 0):
 garbage-first heap   total 260096K, used 21965K [0x0000000702000000, 0x0000000800000000)
  region size 2048K, 9 young (18432K), 3 survivors (6144K)
 Metaspace       used 21199K, committed 21504K, reserved 1114112K
  class space    used 2875K, committed 3072K, reserved 1048576K
}
Event: 5.026 GC heap after
{Heap after GC invocations=4 (full 0):
 garbage-first heap   total 260096K, used 14754K [0x0000000702000000, 0x0000000800000000)
  region size 2048K, 3 young (6144K), 3 survivors (6144K)
 Metaspace       used 21199K, committed 21504K, reserved 1114112K
  class space    used 2875K, committed 3072K, reserved 1048576K
}
Event: 5.501 GC heap before
{Heap before GC invocations=5 (full 0):
 garbage-first heap   total 61440K, used 43426K [0x0000000702000000, 0x0000000800000000)
  region size 2048K, 18 young (36864K), 3 survivors (6144K)
 Metaspace       used 23359K, committed 23744K, reserved 1114112K
  class space    used 3230K, committed 3392K, reserved 1048576K
}
Event: 5.511 GC heap after
{Heap after GC invocations=6 (full 0):
 garbage-first heap   total 61440K, used 15755K [0x0000000702000000, 0x0000000800000000)
  region size 2048K, 4 young (8192K), 4 survivors (8192K)
 Metaspace       used 23359K, committed 23744K, reserved 1114112K
  class space    used 3230K, committed 3392K, reserved 1048576K
}
Event: 5.551 GC heap before
{Heap before GC invocations=6 (full 0):
 garbage-first heap   total 61440K, used 15755K [0x0000000702000000, 0x0000000800000000)
  region size 2048K, 5 young (10240K), 4 survivors (8192K)
 Metaspace       used 23748K, committed 24128K, reserved 1114112K
  class space    used 3276K, committed 3456K, reserved 1048576K
}
Event: 5.560 GC heap after
{Heap after GC invocations=7 (full 0):
 garbage-first heap   total 61440K, used 16565K [0x0000000702000000, 0x0000000800000000)
  region size 2048K, 1 young (2048K), 1 survivors (2048K)
 Metaspace       used 23748K, committed 24128K, reserved 1114112K
  class space    used 3276K, committed 3456K, reserved 1048576K
}
Event: 6.130 GC heap before
{Heap before GC invocations=7 (full 0):
 garbage-first heap   total 61440K, used 39093K [0x0000000702000000, 0x0000000800000000)
  region size 2048K, 12 young (24576K), 1 survivors (2048K)
 Metaspace       used 26785K, committed 27200K, reserved 1114112K
  class space    used 3839K, committed 4032K, reserved 1048576K
}
Event: 6.135 GC heap after
{Heap after GC invocations=8 (full 0):
 garbage-first heap   total 161792K, used 17113K [0x0000000702000000, 0x0000000800000000)
  region size 2048K, 1 young (2048K), 1 survivors (2048K)
 Metaspace       used 26785K, committed 27200K, reserved 1114112K
  class space    used 3839K, committed 4032K, reserved 1048576K
}
Event: 8.063 GC heap before
{Heap before GC invocations=8 (full 0):
 garbage-first heap   total 161792K, used 111321K [0x0000000702000000, 0x0000000800000000)
  region size 2048K, 47 young (96256K), 1 survivors (2048K)
 Metaspace       used 35780K, committed 36096K, reserved 1114112K
  class space    used 5088K, committed 5248K, reserved 1048576K
}
Event: 8.079 GC heap after
{Heap after GC invocations=9 (full 0):
 garbage-first heap   total 161792K, used 22155K [0x0000000702000000, 0x0000000800000000)
  region size 2048K, 4 young (8192K), 4 survivors (8192K)
 Metaspace       used 35780K, committed 36096K, reserved 1114112K
  class space    used 5088K, committed 5248K, reserved 1048576K
}
Event: 8.112 GC heap before
{Heap before GC invocations=9 (full 0):
 garbage-first heap   total 161792K, used 22155K [0x0000000702000000, 0x0000000800000000)
  region size 2048K, 5 young (10240K), 4 survivors (8192K)
 Metaspace       used 35824K, committed 36160K, reserved 1114112K
  class space    used 5096K, committed 5248K, reserved 1048576K
}
Event: 8.124 GC heap after
{Heap after GC invocations=10 (full 0):
 garbage-first heap   total 161792K, used 22265K [0x0000000702000000, 0x0000000800000000)
  region size 2048K, 3 young (6144K), 3 survivors (6144K)
 Metaspace       used 35824K, committed 36160K, reserved 1114112K
  class space    used 5096K, committed 5248K, reserved 1048576K
}

